time="2019-11-21T11:20:03+05:30" level=info msg="&{ObjectID(\"5dd6258bf7cd30451d64686b\")}" file="C:/g/src/blogging-app/pkg/repository/user_repository.go" function="blogging-app/pkg/repository.(*UserRepositoryImpl).CreateUser" line=49 requestid=
time="2019-11-21T11:30:40+05:30" level=info msg="&{ObjectID(\"000000000000000000000000\")}" file="C:/g/src/blogging-app/pkg/repository/user_repository.go" function="blogging-app/pkg/repository.(*UserRepositoryImpl).CreateUser" line=49 requestid=
time="2019-11-21T11:40:36+05:30" level=info msg="&{ObjectID(\"5dd62a5ccd817cecdc4a498d\")}" file="C:/g/src/blogging-app/pkg/repository/user_repository.go" function="blogging-app/pkg/repository.(*UserRepositoryImpl).CreateUser" line=49 requestid=
time="2019-11-21T11:47:08+05:30" level=info msg="&{ObjectID(\"5dd62be4099ab7b3826e8214\")}" file="C:/g/src/blogging-app/pkg/repository/user_repository.go" function="blogging-app/pkg/repository.(*UserRepositoryImpl).CreateUser" line=55 requestid=
time="2019-11-21T11:47:11+05:30" level=info msg="&{ObjectID(\"5dd62be7099ab7b3826e8215\")}" file="C:/g/src/blogging-app/pkg/repository/user_repository.go" function="blogging-app/pkg/repository.(*UserRepositoryImpl).CreateUser" line=55 requestid=
time="2019-11-21T15:39:14+05:30" level=info msg="&{ObjectID(\"5dd6624afe22c985f2bb3dc4\")}" file="C:/g/src/blogging-app/pkg/repository/user_repository.go" function="blogging-app/pkg/repository.(*UserRepositoryImpl).CreateUser" line=56 requestid=
time="2019-11-21T15:46:11+05:30" level=info msg="&{ObjectID(\"5dd663ebfe22c985f2bb3dc5\")}" file="C:/g/src/blogging-app/pkg/repository/user_repository.go" function="blogging-app/pkg/repository.(*UserRepositoryImpl).CreateUser" line=56 requestid=
time="2019-11-21T16:12:12+05:30" level=info msg="&{ObjectID(\"5dd66a0470a7fab9cd170b06\")}" file="C:/g/src/blogging-app/pkg/repository/user_repository.go" function="blogging-app/pkg/repository.(*UserRepositoryImpl).CreateUser" line=56 requestid=
time="2019-11-21T16:15:41+05:30" level=info msg="&{ObjectID(\"5dd66ad54d000c44fd1173ce\")}" file="C:/g/src/blogging-app/pkg/repository/user_repository.go" function="blogging-app/pkg/repository.(*UserRepositoryImpl).CreateUser" line=56 requestid=
time="2019-11-21T16:15:51+05:30" level=info msg="&{ObjectID(\"5dd66adf4d000c44fd1173cf\")}" file="C:/g/src/blogging-app/pkg/repository/user_repository.go" function="blogging-app/pkg/repository.(*UserRepositoryImpl).CreateUser" line=56 requestid=
time="2019-11-21T16:15:58+05:30" level=info msg="&{ObjectID(\"5dd66ae64d000c44fd1173d0\")}" file="C:/g/src/blogging-app/pkg/repository/user_repository.go" function="blogging-app/pkg/repository.(*UserRepositoryImpl).CreateUser" line=56 requestid=
time="2019-11-21T16:59:13+05:30" level=info msg="&{ObjectID(\"5dd6750982309f9d51cc1ac2\")}" file="C:/g/src/blogging-app/pkg/repository/user_repository.go" function="blogging-app/pkg/repository.(*UserRepositoryImpl).CreateUser" line=56 requestid=
time="2019-11-21T17:06:00+05:30" level=info msg="&{ObjectID(\"5dd676a042c93eaa987f4d18\")}" file="C:/g/src/blogging-app/pkg/repository/user_repository.go" function="blogging-app/pkg/repository.(*UserRepositoryImpl).CreateUser" line=56 requestid=
time="2019-11-21T17:06:20+05:30" level=info msg="Error from Service : <nil>" file="C:/g/src/blogging-app/pkg/gql/user_resolver.go" function=blogging-app/pkg/gql.UserResolver.UpdateUser line=77 requestid=9841576568
time="2019-11-21T17:06:20+05:30" level=info msg="Error in finding mongo users : %v&{[80 184 176 204 84 221 70 253 188 23 20 250 25 230 149 89] [0x7cded0 0x7cdf70] 0xc0001f4140 {   map[]  [] 0 false 0 false  0 false [] false false 0 false 0 false 0 false 0 false  false   [] false false 0 false   0 false 0 false false false  false <nil> false false false  false  0 false  0 false 0 false false map[] map[]} 15000000 true true 0xc000208ba0 0xfa8480 0xc0001e7450 <nil> 0xc0000bc150 <nil> <nil> 0xc0001d5b30 <nil> <nil> <nil> <nil>}" file="C:/g/src/blogging-app/pkg/repository/user_repository.go" function="blogging-app/pkg/repository.(*UserRepositoryImpl).UpdateUser" line=121 requestid=9841576568
time="2019-11-21T17:06:20+05:30" level=error msg="Error in finding mongo users : update document must contain key beginning with '$'" file="C:/g/src/blogging-app/pkg/repository/user_repository.go" function="blogging-app/pkg/repository.(*UserRepositoryImpl).UpdateUser" line=128 requestid=9841576568
time="2019-11-21T17:06:20+05:30" level=error msg="Error from Service : update document must contain key beginning with '$' " file="C:/g/src/blogging-app/pkg/gql/user_resolver.go" function=blogging-app/pkg/gql.UserResolver.UpdateUser line=80 requestid=9841576568
time="2019-11-21T17:10:20+05:30" level=info msg="Error from Service : <nil>" file="C:/g/src/blogging-app/pkg/gql/user_resolver.go" function=blogging-app/pkg/gql.UserResolver.UpdateUser line=77 requestid=1779185060
time="2019-11-21T17:10:20+05:30" level=info msg="Error in finding mongo users : %v&{[85 163 58 147 17 159 73 251 158 230 220 86 230 15 89 27] [0x7cded0 0x7cdf70] 0xc00006d540 {   map[]  [] 0 false 0 false  0 false [] false false 0 false 0 false 0 false 0 false  false   [] false false 0 false   0 false 0 false false false  false <nil> false false false  false  0 false  0 false 0 false false map[] map[]} 15000000 true true 0xc0001b8080 0xfa8480 0xc00015ba90 <nil> 0xc0000bc150 <nil> <nil> 0xc0001a8f30 <nil> <nil> <nil> <nil>}" file="C:/g/src/blogging-app/pkg/repository/user_repository.go" function="blogging-app/pkg/repository.(*UserRepositoryImpl).UpdateUser" line=121 requestid=1779185060
time="2019-11-21T17:10:20+05:30" level=error msg="Error in finding mongo users : update document must contain key beginning with '$'" file="C:/g/src/blogging-app/pkg/repository/user_repository.go" function="blogging-app/pkg/repository.(*UserRepositoryImpl).UpdateUser" line=128 requestid=1779185060
time="2019-11-21T17:10:20+05:30" level=error msg="Error from Service : update document must contain key beginning with '$' " file="C:/g/src/blogging-app/pkg/gql/user_resolver.go" function=blogging-app/pkg/gql.UserResolver.UpdateUser line=80 requestid=1779185060
time="2019-11-21T17:12:30+05:30" level=info msg="Error in finding mongo users : %v&{[132 31 116 95 109 236 70 231 131 8 92 121 174 232 193 41] [0x7cded0 0x7cdf70] 0xc0001ac140 {   map[]  [] 0 false 0 false  0 false [] false false 0 false 0 false 0 false 0 false  false   [] false false 0 false   0 false 0 false false false  false <nil> false false false  false  0 false  0 false 0 false false map[] map[]} 15000000 true true 0xc0001beac0 0xfa8480 0xc000181380 <nil> 0xc0000bc150 <nil> <nil> 0xc00017da70 <nil> <nil> <nil> <nil>}" file="C:/g/src/blogging-app/pkg/repository/user_repository.go" function="blogging-app/pkg/repository.(*UserRepositoryImpl).UpdateUser" line=121 requestid=1779185060
time="2019-11-21T17:12:30+05:30" level=error msg="Error in finding mongo users : update document must contain key beginning with '$'" file="C:/g/src/blogging-app/pkg/repository/user_repository.go" function="blogging-app/pkg/repository.(*UserRepositoryImpl).UpdateUser" line=128 requestid=1779185060
time="2019-11-21T17:12:30+05:30" level=error msg="Error from Service : update document must contain key beginning with '$' " file="C:/g/src/blogging-app/pkg/gql/user_resolver.go" function=blogging-app/pkg/gql.UserResolver.UpdateUser line=81 requestid=1779185060
time="2019-11-22T10:50:19+05:30" level=error msg="Error in finding mongo users : update document must contain key beginning with '$'" file="C:/g/src/blogging-app/pkg/repository/user_repository.go" function="blogging-app/pkg/repository.(*UserRepositoryImpl).UpdateUser" line=127 requestid=1779185060
time="2019-11-22T10:50:19+05:30" level=error msg="Error from Service : update document must contain key beginning with '$' " file="C:/g/src/blogging-app/pkg/gql/user_resolver.go" function=blogging-app/pkg/gql.UserResolver.UpdateUser line=81 requestid=1779185060
time="2019-11-22T11:48:28+05:30" level=error msg="Error in finding mongo users : multiple write errors: [{write errors: [{The dollar ($) prefixed field '$set' in 'times.$set' is not valid for storage.}]}, {<nil>}]" file="C:/g/src/blogging-app/pkg/repository/user_repository.go" function="blogging-app/pkg/repository.(*UserRepositoryImpl).UpdateUser" line=148 requestid=1779185060
time="2019-11-22T11:48:28+05:30" level=error msg="Error from Service : multiple write errors: [{write errors: [{The dollar ($) prefixed field '$set' in 'times.$set' is not valid for storage.}]}, {<nil>}] " file="C:/g/src/blogging-app/pkg/gql/user_resolver.go" function=blogging-app/pkg/gql.UserResolver.UpdateUser line=81 requestid=1779185060
time="2019-11-25T11:18:54+05:30" level=info msg="DeleteUser: 5dd6750982309f9d51cc1ac2" file="C:/g/src/blogging-app/pkg/service/user_service.go" function="blogging-app/pkg/service.(*UserServiceImpl).DeleteUser" line=76 requestid=5688777805
time="2019-11-25T11:21:54+05:30" level=info msg="DeleteUser: 5dd66adf4d000c44fd1173cf" file="C:/g/src/blogging-app/pkg/service/user_service.go" function="blogging-app/pkg/service.(*UserServiceImpl).DeleteUser" line=76 requestid=7156304337
time="2019-11-25T11:22:32+05:30" level=info msg="DeleteUser: 5dd66adf4d000c44fd1173cf" file="C:/g/src/blogging-app/pkg/service/user_service.go" function="blogging-app/pkg/service.(*UserServiceImpl).DeleteUser" line=76 requestid=9905883510
time="2019-11-25T11:36:44+05:30" level=info msg="DeleteUser: 5dd66adf4d000c44fd1173cf" file="C:/g/src/blogging-app/pkg/service/user_service.go" function="blogging-app/pkg/service.(*UserServiceImpl).DeleteUser" line=78 requestid=1779185060
time="2019-11-25T14:28:25+05:30" level=error msg="GetAllUser : " file="C:/g/src/blogging-app/pkg/service/user_service.go" function="blogging-app/pkg/service.(*UserServiceImpl).GetAllUser" line=52 requestid=1871967156
time="2019-11-25T14:28:40+05:30" level=error msg="GetAllUser : " file="C:/g/src/blogging-app/pkg/service/user_service.go" function="blogging-app/pkg/service.(*UserServiceImpl).GetAllUser" line=52 requestid=3378493719
time="2019-11-25T14:34:49+05:30" level=info msg="GetUser : 5dd66ae64d000c44fd1173d0" file="C:/g/src/blogging-app/pkg/service/user_service.go" function="blogging-app/pkg/service.(*UserServiceImpl).GetUser" line=102 requestid=1871967156
time="2019-11-25T14:34:57+05:30" level=info msg="GetUser : 5dd66ae64d000c44fd1173d0" file="C:/g/src/blogging-app/pkg/service/user_service.go" function="blogging-app/pkg/service.(*UserServiceImpl).GetUser" line=102 requestid=3378493719
time="2019-11-25T17:33:47+05:30" level=info msg="Create Blog Request : {ObjectID(\"000000000000000000000000\") mongo types technology Relationships in MongoDB represent how various documents are logically related to each other. Relationships can be modeled via Embedded and Referenced approaches. Such relationships can be either 1:1, 1:N, N:1 or N:N. ObjectID(\"5dd66ae64d000c44fd1173d0\") 0 0001-01-01 00:00:00 +0000 UTC 0001-01-01 00:00:00 +0000 UTC <nil>}" file="C:/g/src/blogging-app/pkg/service/blog_service.go" function="blogging-app/pkg/service.(*BlogServiceImpl).CreateBlog" line=32 requestid=1779185060
time="2019-11-25T17:40:27+05:30" level=info msg="Create Blog Request : {ObjectID(\"000000000000000000000000\") mongo types technology Relationships in MongoDB represent how various documents are logically related to each other. Relationships can be modeled via Embedded and Referenced approaches. Such relationships can be either 1:1, 1:N, N:1 or N:N. ObjectID(\"5dd66ae64d000c44fd1173d0\") 0 0001-01-01 00:00:00 +0000 UTC 0001-01-01 00:00:00 +0000 UTC <nil>}" file="C:/g/src/blogging-app/pkg/service/blog_service.go" function="blogging-app/pkg/service.(*BlogServiceImpl).CreateBlog" line=32 requestid=1779185060
time="2019-11-25T17:42:57+05:30" level=info msg="Create Blog Request : {ObjectID(\"000000000000000000000000\") mongo types technology Relationships in MongoDB represent how various documents are logically related to each other. Relationships can be modeled via Embedded and Referenced approaches. Such relationships can be either 1:1, 1:N, N:1 or N:N. ObjectID(\"5dd66ae64d000c44fd1173d0\") 0 0001-01-01 00:00:00 +0000 UTC 0001-01-01 00:00:00 +0000 UTC <nil>}" file="C:/g/src/blogging-app/pkg/service/blog_service.go" function="blogging-app/pkg/service.(*BlogServiceImpl).CreateBlog" line=33 requestid=1779185060
time="2019-11-26T10:59:00+05:30" level=info msg="Get ALL Blogs Request" file="C:/g/src/blogging-app/pkg/service/blog_service.go" function="blogging-app/pkg/service.(*BlogServiceImpl).GetAllBlogs" line=48 requestid=1779185060
time="2019-11-26T10:59:01+05:30" level=error msg="client is disconnected" file="C:/g/src/blogging-app/pkg/repository/blog_repository.go" function="blogging-app/pkg/repository.(*BlogRepositoryImpl).FindBlogs" line=71 requestid=1779185060
time="2019-11-26T10:59:01+05:30" level=error msg="client is disconnected" file="C:/g/src/blogging-app/pkg/service/blog_service.go" function="blogging-app/pkg/service.(*BlogServiceImpl).GetAllBlogs" line=55 requestid=1779185060
time="2019-11-26T10:59:01+05:30" level=error msg="client is disconnected" file="C:/g/src/blogging-app/pkg/gql/blog_resolver.go" function=blogging-app/pkg/gql.BlogResolver.AllBlogsResolver line=65 requestid=1779185060
time="2019-11-26T11:01:08+05:30" level=info msg="Get ALL Blogs Request" file="C:/g/src/blogging-app/pkg/service/blog_service.go" function="blogging-app/pkg/service.(*BlogServiceImpl).GetAllBlogs" line=48 requestid=1779185060
time="2019-11-26T11:01:34+05:30" level=info msg="Get ALL Blogs Request" file="C:/g/src/blogging-app/pkg/service/blog_service.go" function="blogging-app/pkg/service.(*BlogServiceImpl).GetAllBlogs" line=48 requestid=9841576568
time="2019-11-26T11:01:47+05:30" level=info msg="Get ALL Blogs Request" file="C:/g/src/blogging-app/pkg/service/blog_service.go" function="blogging-app/pkg/service.(*BlogServiceImpl).GetAllBlogs" line=48 requestid=7805187196
time="2019-11-26T11:02:22+05:30" level=info msg="Get ALL Blogs Request" file="C:/g/src/blogging-app/pkg/service/blog_service.go" function="blogging-app/pkg/service.(*BlogServiceImpl).GetAllBlogs" line=48 requestid=1779185060
time="2019-11-26T11:02:38+05:30" level=info msg="Get ALL Blogs Request" file="C:/g/src/blogging-app/pkg/service/blog_service.go" function="blogging-app/pkg/service.(*BlogServiceImpl).GetAllBlogs" line=48 requestid=9841576568
time="2019-11-26T11:03:11+05:30" level=info msg="Get ALL Blogs Request" file="C:/g/src/blogging-app/pkg/service/blog_service.go" function="blogging-app/pkg/service.(*BlogServiceImpl).GetAllBlogs" line=48 requestid=4129841576
time="2019-11-26T11:04:01+05:30" level=info msg="Get ALL Blogs Request" file="C:/g/src/blogging-app/pkg/service/blog_service.go" function="blogging-app/pkg/service.(*BlogServiceImpl).GetAllBlogs" line=48 requestid=4129841576
time="2019-11-26T11:04:13+05:30" level=info msg="Get ALL Blogs Request" file="C:/g/src/blogging-app/pkg/service/blog_service.go" function="blogging-app/pkg/service.(*BlogServiceImpl).GetAllBlogs" line=48 requestid=8777805187
time="2019-11-26T11:04:38+05:30" level=info msg="Get ALL Blogs Request" file="C:/g/src/blogging-app/pkg/service/blog_service.go" function="blogging-app/pkg/service.(*BlogServiceImpl).GetAllBlogs" line=48 requestid=7156304337
